2025-09-19 14:20:25.065 [http-nio-9987-exec-1] INFO  o.a.c.c.C.[Tomcat].[localhost].[/] - Initializing Spring DispatcherServlet 'dispatcherServlet'
2025-09-19 14:20:25.077 [http-nio-9987-exec-1] INFO  o.s.web.servlet.DispatcherServlet - Initializing Servlet 'dispatcherServlet'
2025-09-19 14:20:25.082 [http-nio-9987-exec-1] INFO  o.s.web.servlet.DispatcherServlet - Completed initialization in 5 ms
2025-09-19 14:20:25.120 [http-nio-9987-exec-1] INFO  o.s.logback.controller.LogController - INFO 레벨 로그입니다.
2025-09-19 14:20:53.592 [http-nio-9987-exec-2] INFO  o.s.logback.controller.LogController - INFO 레벨 로그입니다.
2025-09-19 14:21:02.327 [http-nio-9987-exec-3] INFO  o.s.logback.controller.LogController - INFO 레벨 로그입니다.
2025-09-19 14:21:10.692 [http-nio-9987-exec-4] INFO  o.s.logback.controller.LogController - INFO 레벨 로그입니다.
2025-09-19 14:21:11.460 [http-nio-9987-exec-5] INFO  o.s.logback.controller.LogController - INFO 레벨 로그입니다.
2025-09-19 14:21:12.310 [http-nio-9987-exec-7] INFO  o.s.logback.controller.LogController - INFO 레벨 로그입니다.
2025-09-19 14:21:13.167 [http-nio-9987-exec-6] INFO  o.s.logback.controller.LogController - INFO 레벨 로그입니다.
2025-09-19 14:21:13.830 [http-nio-9987-exec-8] INFO  o.s.logback.controller.LogController - INFO 레벨 로그입니다.
2025-09-19 14:21:14.535 [http-nio-9987-exec-9] INFO  o.s.logback.controller.LogController - INFO 레벨 로그입니다.
2025-09-19 14:21:15.186 [http-nio-9987-exec-10] INFO  o.s.logback.controller.LogController - INFO 레벨 로그입니다.
2025-09-20 14:21:43.031 [http-nio-9987-exec-2] INFO  o.s.logback.controller.LogController - INFO 레벨 로그입니다.
2025-09-20 14:22:55.234 [http-nio-9987-exec-4] INFO  o.s.logback.controller.LogController - INFO 레벨 로그입니다.
2025-09-20 14:22:55.889 [http-nio-9987-exec-5] INFO  o.s.logback.controller.LogController - INFO 레벨 로그입니다.
2025-09-20 14:23:50.432 [http-nio-9987-exec-7] INFO  o.s.logback.controller.LogController - INFO 레벨 로그입니다.
2025-09-20 14:23:51.061 [http-nio-9987-exec-6] INFO  o.s.logback.controller.LogController - INFO 레벨 로그입니다.
2025-09-20 14:23:51.820 [http-nio-9987-exec-8] INFO  o.s.logback.controller.LogController - INFO 레벨 로그입니다.
2025-09-20 14:23:52.464 [http-nio-9987-exec-9] INFO  o.s.logback.controller.LogController - INFO 레벨 로그입니다.
2025-09-20 15:24:34.115 [http-nio-9987-exec-1] INFO  o.s.logback.controller.LogController - INFO 레벨 로그입니다.
2025-09-20 15:24:42.293 [http-nio-9987-exec-2] INFO  o.s.logback.controller.LogController - INFO 레벨 로그입니다.
2025-09-20 15:24:43.256 [http-nio-9987-exec-3] INFO  o.s.logback.controller.LogController - INFO 레벨 로그입니다.
2025-09-21 18:00:03.502 [SpringApplicationShutdownHook] INFO  o.s.b.w.e.tomcat.GracefulShutdown - Commencing graceful shutdown. Waiting for active requests to complete
2025-09-21 18:00:03.515 [tomcat-shutdown] INFO  o.s.b.w.e.tomcat.GracefulShutdown - Graceful shutdown complete
